2020-05-14 18:17:09.897  WARN 24772 --- [restartedMain] c.c.c.ConfigServicePropertySourceLocator : Could not locate PropertySource: I/O error on GET request for "http://localhost:8888/UpdateFeedbackService/default": Connection refused: connect; nested exception is java.net.ConnectException: Connection refused: connect
2020-05-14 18:17:09.901  INFO 24772 --- [restartedMain] com.cg.UpdateFeedbackServiceApplication  : No active profile set, falling back to default profiles: default
2020-05-14 18:17:11.306  WARN 24772 --- [restartedMain] o.s.boot.actuate.endpoint.EndpointId     : Endpoint ID 'service-registry' contains invalid characters, please migrate to a valid format.
2020-05-14 18:17:12.348  WARN 24772 --- [restartedMain] c.n.c.sources.URLConfigurationSource     : No URLs will be polled as dynamic configuration sources.
2020-05-14 18:17:13.862  WARN 24772 --- [restartedMain] o.s.b.d.a.OptionalLiveReloadServer       : Unable to start LiveReload server
2020-05-14 18:17:14.131  WARN 24772 --- [restartedMain] c.n.c.sources.URLConfigurationSource     : No URLs will be polled as dynamic configuration sources.
2020-05-14 18:17:15.145  WARN 24772 --- [restartedMain] ockingLoadBalancerClientRibbonWarnLogger : You already have RibbonLoadBalancerClient on your classpath. It will be used by default. As Spring Cloud Ribbon is in maintenance mode. We recommend switching to BlockingLoadBalancerClient instead. In order to use it, set the value of `spring.cloud.loadbalancer.ribbon.enabled` to `false` or remove spring-cloud-starter-netflix-ribbon from your project.
2020-05-14 18:17:17.318  INFO 24772 --- [restartedMain] com.cg.UpdateFeedbackServiceApplication  : Started UpdateFeedbackServiceApplication in 11.738 seconds (JVM running for 13.344)
2020-05-14 18:17:31.519  WARN 24772 --- [Thread-2] com.netflix.discovery.DiscoveryClient    : Saw local status change event StatusChangeEvent [timestamp=1589460451519, current=DOWN, previous=UP]
2020-05-14 18:17:38.027  WARN 24772 --- [restartedMain] c.c.c.ConfigServicePropertySourceLocator : Could not locate PropertySource: I/O error on GET request for "http://localhost:8888/UpdateFeedbackService/default": Connection refused: connect; nested exception is java.net.ConnectException: Connection refused: connect
2020-05-14 18:17:38.031  INFO 24772 --- [restartedMain] com.cg.UpdateFeedbackServiceApplication  : No active profile set, falling back to default profiles: default
2020-05-14 18:17:40.061  WARN 24772 --- [restartedMain] o.s.b.d.a.OptionalLiveReloadServer       : Unable to start LiveReload server
2020-05-14 18:17:40.158  WARN 24772 --- [restartedMain] c.n.c.sources.URLConfigurationSource     : No URLs will be polled as dynamic configuration sources.
2020-05-14 18:17:40.849  WARN 24772 --- [restartedMain] ockingLoadBalancerClientRibbonWarnLogger : You already have RibbonLoadBalancerClient on your classpath. It will be used by default. As Spring Cloud Ribbon is in maintenance mode. We recommend switching to BlockingLoadBalancerClient instead. In order to use it, set the value of `spring.cloud.loadbalancer.ribbon.enabled` to `false` or remove spring-cloud-starter-netflix-ribbon from your project.
2020-05-14 18:17:41.326  INFO 24772 --- [restartedMain] com.cg.UpdateFeedbackServiceApplication  : Started UpdateFeedbackServiceApplication in 6.317 seconds (JVM running for 37.352)
2020-05-14 18:21:36.781  WARN 24772 --- [Thread-10] com.netflix.discovery.DiscoveryClient    : Saw local status change event StatusChangeEvent [timestamp=1589460696781, current=DOWN, previous=UP]
2020-05-14 18:21:40.252  WARN 24772 --- [restartedMain] c.c.c.ConfigServicePropertySourceLocator : Could not locate PropertySource: I/O error on GET request for "http://localhost:8888/UpdateFeedbackService/default": Connection refused: connect; nested exception is java.net.ConnectException: Connection refused: connect
2020-05-14 18:21:40.256  INFO 24772 --- [restartedMain] com.cg.UpdateFeedbackServiceApplication  : No active profile set, falling back to default profiles: default
2020-05-14 18:21:42.109  WARN 24772 --- [restartedMain] o.s.b.d.a.OptionalLiveReloadServer       : Unable to start LiveReload server
2020-05-14 18:21:42.202  WARN 24772 --- [restartedMain] c.n.c.sources.URLConfigurationSource     : No URLs will be polled as dynamic configuration sources.
2020-05-14 18:21:42.726  WARN 24772 --- [restartedMain] ockingLoadBalancerClientRibbonWarnLogger : You already have RibbonLoadBalancerClient on your classpath. It will be used by default. As Spring Cloud Ribbon is in maintenance mode. We recommend switching to BlockingLoadBalancerClient instead. In order to use it, set the value of `spring.cloud.loadbalancer.ribbon.enabled` to `false` or remove spring-cloud-starter-netflix-ribbon from your project.
2020-05-14 18:21:43.284  INFO 24772 --- [restartedMain] com.cg.UpdateFeedbackServiceApplication  : Started UpdateFeedbackServiceApplication in 5.896 seconds (JVM running for 279.31)
2020-05-14 18:22:36.969  WARN 24772 --- [Thread-18] com.netflix.discovery.DiscoveryClient    : Saw local status change event StatusChangeEvent [timestamp=1589460756969, current=DOWN, previous=UP]
2020-05-14 18:22:40.368  WARN 24772 --- [restartedMain] c.c.c.ConfigServicePropertySourceLocator : Could not locate PropertySource: I/O error on GET request for "http://localhost:8888/UpdateFeedbackService/default": Connection refused: connect; nested exception is java.net.ConnectException: Connection refused: connect
2020-05-14 18:22:40.370  INFO 24772 --- [restartedMain] com.cg.UpdateFeedbackServiceApplication  : No active profile set, falling back to default profiles: default
2020-05-14 18:22:41.560  WARN 24772 --- [restartedMain] o.s.b.d.a.OptionalLiveReloadServer       : Unable to start LiveReload server
2020-05-14 18:22:41.619  WARN 24772 --- [restartedMain] c.n.c.sources.URLConfigurationSource     : No URLs will be polled as dynamic configuration sources.
2020-05-14 18:22:42.173  WARN 24772 --- [restartedMain] ockingLoadBalancerClientRibbonWarnLogger : You already have RibbonLoadBalancerClient on your classpath. It will be used by default. As Spring Cloud Ribbon is in maintenance mode. We recommend switching to BlockingLoadBalancerClient instead. In order to use it, set the value of `spring.cloud.loadbalancer.ribbon.enabled` to `false` or remove spring-cloud-starter-netflix-ribbon from your project.
2020-05-14 18:22:42.697  INFO 24772 --- [restartedMain] com.cg.UpdateFeedbackServiceApplication  : Started UpdateFeedbackServiceApplication in 5.272 seconds (JVM running for 338.724)
2020-05-14 18:24:23.387  WARN 24772 --- [Thread-26] com.netflix.discovery.DiscoveryClient    : Saw local status change event StatusChangeEvent [timestamp=1589460863387, current=DOWN, previous=UP]
2020-05-14 18:24:27.049  WARN 24772 --- [restartedMain] c.c.c.ConfigServicePropertySourceLocator : Could not locate PropertySource: I/O error on GET request for "http://localhost:8888/UpdateFeedbackService/default": Connection refused: connect; nested exception is java.net.ConnectException: Connection refused: connect
2020-05-14 18:24:27.052  INFO 24772 --- [restartedMain] com.cg.UpdateFeedbackServiceApplication  : No active profile set, falling back to default profiles: default
2020-05-14 18:24:28.155  WARN 24772 --- [restartedMain] o.s.b.d.a.OptionalLiveReloadServer       : Unable to start LiveReload server
2020-05-14 18:24:28.181  WARN 24772 --- [restartedMain] c.n.c.sources.URLConfigurationSource     : No URLs will be polled as dynamic configuration sources.
2020-05-14 18:24:28.674  WARN 24772 --- [restartedMain] ockingLoadBalancerClientRibbonWarnLogger : You already have RibbonLoadBalancerClient on your classpath. It will be used by default. As Spring Cloud Ribbon is in maintenance mode. We recommend switching to BlockingLoadBalancerClient instead. In order to use it, set the value of `spring.cloud.loadbalancer.ribbon.enabled` to `false` or remove spring-cloud-starter-netflix-ribbon from your project.
2020-05-14 18:24:29.330  INFO 24772 --- [restartedMain] com.cg.UpdateFeedbackServiceApplication  : Started UpdateFeedbackServiceApplication in 5.394 seconds (JVM running for 445.356)
