2020-05-14 18:20:36.693  WARN 18488 --- [restartedMain] c.c.c.ConfigServicePropertySourceLocator : Could not locate PropertySource: I/O error on GET request for "http://localhost:8888/UpdateSkillService/default": Connection refused: connect; nested exception is java.net.ConnectException: Connection refused: connect
2020-05-14 18:20:36.700  INFO 18488 --- [restartedMain] com.cg.UpdateSkillServiceApplication     : No active profile set, falling back to default profiles: default
2020-05-14 18:20:37.592  WARN 18488 --- [restartedMain] o.s.boot.actuate.endpoint.EndpointId     : Endpoint ID 'service-registry' contains invalid characters, please migrate to a valid format.
2020-05-14 18:20:38.785  WARN 18488 --- [restartedMain] c.n.c.sources.URLConfigurationSource     : No URLs will be polled as dynamic configuration sources.
2020-05-14 18:20:40.249  WARN 18488 --- [restartedMain] o.s.b.d.a.OptionalLiveReloadServer       : Unable to start LiveReload server
2020-05-14 18:20:40.354  WARN 18488 --- [restartedMain] c.n.c.sources.URLConfigurationSource     : No URLs will be polled as dynamic configuration sources.
2020-05-14 18:20:41.855  WARN 18488 --- [restartedMain] ockingLoadBalancerClientRibbonWarnLogger : You already have RibbonLoadBalancerClient on your classpath. It will be used by default. As Spring Cloud Ribbon is in maintenance mode. We recommend switching to BlockingLoadBalancerClient instead. In order to use it, set the value of `spring.cloud.loadbalancer.ribbon.enabled` to `false` or remove spring-cloud-starter-netflix-ribbon from your project.
2020-05-14 18:20:43.672  INFO 18488 --- [restartedMain] com.cg.UpdateSkillServiceApplication     : Started UpdateSkillServiceApplication in 11.04 seconds (JVM running for 12.266)
2020-05-14 18:20:54.555  WARN 18488 --- [Thread-2] com.netflix.discovery.DiscoveryClient    : Saw local status change event StatusChangeEvent [timestamp=1589460654555, current=DOWN, previous=UP]
2020-05-14 18:21:02.037  WARN 18488 --- [restartedMain] c.c.c.ConfigServicePropertySourceLocator : Could not locate PropertySource: I/O error on GET request for "http://localhost:8888/UpdateSkillService/default": Connection refused: connect; nested exception is java.net.ConnectException: Connection refused: connect
2020-05-14 18:21:02.040  INFO 18488 --- [restartedMain] com.cg.UpdateSkillServiceApplication     : No active profile set, falling back to default profiles: default
2020-05-14 18:21:03.816  WARN 18488 --- [restartedMain] o.s.b.d.a.OptionalLiveReloadServer       : Unable to start LiveReload server
2020-05-14 18:21:03.868  WARN 18488 --- [restartedMain] c.n.c.sources.URLConfigurationSource     : No URLs will be polled as dynamic configuration sources.
2020-05-14 18:21:04.562  WARN 18488 --- [restartedMain] ockingLoadBalancerClientRibbonWarnLogger : You already have RibbonLoadBalancerClient on your classpath. It will be used by default. As Spring Cloud Ribbon is in maintenance mode. We recommend switching to BlockingLoadBalancerClient instead. In order to use it, set the value of `spring.cloud.loadbalancer.ribbon.enabled` to `false` or remove spring-cloud-starter-netflix-ribbon from your project.
2020-05-14 18:21:05.168  INFO 18488 --- [restartedMain] com.cg.UpdateSkillServiceApplication     : Started UpdateSkillServiceApplication in 6.803 seconds (JVM running for 33.762)
2020-05-14 18:21:14.721  WARN 18488 --- [Thread-10] com.netflix.discovery.DiscoveryClient    : Saw local status change event StatusChangeEvent [timestamp=1589460674721, current=DOWN, previous=UP]
2020-05-14 18:21:18.238  WARN 18488 --- [restartedMain] c.c.c.ConfigServicePropertySourceLocator : Could not locate PropertySource: I/O error on GET request for "http://localhost:8888/UpdateSkillService/default": Connection refused: connect; nested exception is java.net.ConnectException: Connection refused: connect
2020-05-14 18:21:18.242  INFO 18488 --- [restartedMain] com.cg.UpdateSkillServiceApplication     : No active profile set, falling back to default profiles: default
2020-05-14 18:21:19.530  WARN 18488 --- [restartedMain] o.s.b.d.a.OptionalLiveReloadServer       : Unable to start LiveReload server
2020-05-14 18:21:19.548  WARN 18488 --- [restartedMain] c.n.c.sources.URLConfigurationSource     : No URLs will be polled as dynamic configuration sources.
2020-05-14 18:21:20.280  WARN 18488 --- [restartedMain] ockingLoadBalancerClientRibbonWarnLogger : You already have RibbonLoadBalancerClient on your classpath. It will be used by default. As Spring Cloud Ribbon is in maintenance mode. We recommend switching to BlockingLoadBalancerClient instead. In order to use it, set the value of `spring.cloud.loadbalancer.ribbon.enabled` to `false` or remove spring-cloud-starter-netflix-ribbon from your project.
2020-05-14 18:21:20.894  INFO 18488 --- [restartedMain] com.cg.UpdateSkillServiceApplication     : Started UpdateSkillServiceApplication in 5.497 seconds (JVM running for 49.488)
2020-05-14 18:22:36.927  WARN 18488 --- [Thread-18] com.netflix.discovery.DiscoveryClient    : Saw local status change event StatusChangeEvent [timestamp=1589460756927, current=DOWN, previous=UP]
2020-05-14 18:22:40.368  WARN 18488 --- [restartedMain] c.c.c.ConfigServicePropertySourceLocator : Could not locate PropertySource: I/O error on GET request for "http://localhost:8888/UpdateSkillService/default": Connection refused: connect; nested exception is java.net.ConnectException: Connection refused: connect
2020-05-14 18:22:40.370  INFO 18488 --- [restartedMain] com.cg.UpdateSkillServiceApplication     : No active profile set, falling back to default profiles: default
2020-05-14 18:22:41.498  WARN 18488 --- [restartedMain] o.s.b.d.a.OptionalLiveReloadServer       : Unable to start LiveReload server
2020-05-14 18:22:41.516  WARN 18488 --- [restartedMain] c.n.c.sources.URLConfigurationSource     : No URLs will be polled as dynamic configuration sources.
2020-05-14 18:22:42.112  WARN 18488 --- [restartedMain] ockingLoadBalancerClientRibbonWarnLogger : You already have RibbonLoadBalancerClient on your classpath. It will be used by default. As Spring Cloud Ribbon is in maintenance mode. We recommend switching to BlockingLoadBalancerClient instead. In order to use it, set the value of `spring.cloud.loadbalancer.ribbon.enabled` to `false` or remove spring-cloud-starter-netflix-ribbon from your project.
2020-05-14 18:22:42.632  INFO 18488 --- [restartedMain] com.cg.UpdateSkillServiceApplication     : Started UpdateSkillServiceApplication in 5.173 seconds (JVM running for 131.226)
