2020-05-14 18:03:38.601  INFO 10676 --- [restartedMain] com.cg.FeedbackDataProviderApplication   : No active profile set, falling back to default profiles: default
2020-05-14 18:03:39.720  WARN 10676 --- [restartedMain] o.s.boot.actuate.endpoint.EndpointId     : Endpoint ID 'service-registry' contains invalid characters, please migrate to a valid format.
2020-05-14 18:03:40.767  WARN 10676 --- [restartedMain] c.n.c.sources.URLConfigurationSource     : No URLs will be polled as dynamic configuration sources.
2020-05-14 18:03:43.109  WARN 10676 --- [restartedMain] o.s.b.d.a.OptionalLiveReloadServer       : Unable to start LiveReload server
2020-05-14 18:03:43.410  WARN 10676 --- [restartedMain] c.n.c.sources.URLConfigurationSource     : No URLs will be polled as dynamic configuration sources.
2020-05-14 18:03:43.553  WARN 10676 --- [restartedMain] JpaBaseConfiguration$JpaWebConfiguration : spring.jpa.open-in-view is enabled by default. Therefore, database queries may be performed during view rendering. Explicitly configure spring.jpa.open-in-view to disable this warning
2020-05-14 18:03:44.616  WARN 10676 --- [restartedMain] ockingLoadBalancerClientRibbonWarnLogger : You already have RibbonLoadBalancerClient on your classpath. It will be used by default. As Spring Cloud Ribbon is in maintenance mode. We recommend switching to BlockingLoadBalancerClient instead. In order to use it, set the value of `spring.cloud.loadbalancer.ribbon.enabled` to `false` or remove spring-cloud-starter-netflix-ribbon from your project.
2020-05-14 18:03:46.486  INFO 10676 --- [restartedMain] com.cg.FeedbackDataProviderApplication   : Started FeedbackDataProviderApplication in 9.616 seconds (JVM running for 10.8)
2020-05-14 18:03:59.607  WARN 10676 --- [Thread-2] com.netflix.discovery.DiscoveryClient    : Saw local status change event StatusChangeEvent [timestamp=1589459639606, current=DOWN, previous=UP]
2020-05-14 18:04:04.356  INFO 10676 --- [restartedMain] com.cg.FeedbackDataProviderApplication   : No active profile set, falling back to default profiles: default
2020-05-14 18:04:06.178  WARN 10676 --- [restartedMain] o.s.b.d.a.OptionalLiveReloadServer       : Unable to start LiveReload server
2020-05-14 18:04:06.222  WARN 10676 --- [restartedMain] c.n.c.sources.URLConfigurationSource     : No URLs will be polled as dynamic configuration sources.
2020-05-14 18:04:06.246  WARN 10676 --- [restartedMain] JpaBaseConfiguration$JpaWebConfiguration : spring.jpa.open-in-view is enabled by default. Therefore, database queries may be performed during view rendering. Explicitly configure spring.jpa.open-in-view to disable this warning
2020-05-14 18:04:06.846  WARN 10676 --- [restartedMain] ockingLoadBalancerClientRibbonWarnLogger : You already have RibbonLoadBalancerClient on your classpath. It will be used by default. As Spring Cloud Ribbon is in maintenance mode. We recommend switching to BlockingLoadBalancerClient instead. In order to use it, set the value of `spring.cloud.loadbalancer.ribbon.enabled` to `false` or remove spring-cloud-starter-netflix-ribbon from your project.
2020-05-14 18:04:07.326  INFO 10676 --- [restartedMain] com.cg.FeedbackDataProviderApplication   : Started FeedbackDataProviderApplication in 3.869 seconds (JVM running for 31.64)
2020-05-14 18:04:52.050  WARN 10676 --- [Thread-10] com.netflix.discovery.DiscoveryClient    : Saw local status change event StatusChangeEvent [timestamp=1589459692050, current=DOWN, previous=UP]
2020-05-14 18:04:56.440  INFO 10676 --- [restartedMain] com.cg.FeedbackDataProviderApplication   : No active profile set, falling back to default profiles: default
2020-05-14 18:04:57.592  WARN 10676 --- [restartedMain] o.s.b.d.a.OptionalLiveReloadServer       : Unable to start LiveReload server
2020-05-14 18:04:57.650  WARN 10676 --- [restartedMain] c.n.c.sources.URLConfigurationSource     : No URLs will be polled as dynamic configuration sources.
2020-05-14 18:04:57.670  WARN 10676 --- [restartedMain] JpaBaseConfiguration$JpaWebConfiguration : spring.jpa.open-in-view is enabled by default. Therefore, database queries may be performed during view rendering. Explicitly configure spring.jpa.open-in-view to disable this warning
2020-05-14 18:04:58.198  WARN 10676 --- [restartedMain] ockingLoadBalancerClientRibbonWarnLogger : You already have RibbonLoadBalancerClient on your classpath. It will be used by default. As Spring Cloud Ribbon is in maintenance mode. We recommend switching to BlockingLoadBalancerClient instead. In order to use it, set the value of `spring.cloud.loadbalancer.ribbon.enabled` to `false` or remove spring-cloud-starter-netflix-ribbon from your project.
2020-05-14 18:04:58.694  INFO 10676 --- [restartedMain] com.cg.FeedbackDataProviderApplication   : Started FeedbackDataProviderApplication in 3.018 seconds (JVM running for 83.008)
